<?xml version="1.0" encoding="UTF-8"?>
<testng-results ignored="0" total="2" passed="2" failed="0" skipped="0">
  <reporter-output>
  </reporter-output>
  <suite started-at="2024-12-12T15:00:12 IST" name="AllTestCases" finished-at="2024-12-12T15:00:23 IST" duration-ms="11217">
    <groups>
    </groups>
    <test started-at="2024-12-12T15:00:12 IST" name="DummyTest" finished-at="2024-12-12T15:00:23 IST" duration-ms="11217">
      <class name="part1.FirstTest">
        <test-method is-config="true" signature="setup()[pri:0, instance:part1.FirstTest@55740540]" started-at="2024-12-12T15:00:12 IST" name="setup" finished-at="2024-12-12T15:00:17 IST" duration-ms="5217" status="PASS">
          <reporter-output>
          </reporter-output>
        </test-method> <!-- setup -->
        <test-method signature="secondTest(java.lang.String,int)[pri:0, instance:part1.FirstTest@55740540]" started-at="2024-12-12T15:00:17 IST" name="secondTest" finished-at="2024-12-12T15:00:23 IST" duration-ms="5845" status="PASS">
          <params>
            <param index="0">
              <value>
                <![CDATA[Raafih]]>
              </value>
            </param>
            <param index="1">
              <value>
                <![CDATA[21]]>
              </value>
            </param>
          </params>
          <reporter-output>
          </reporter-output>
        </test-method> <!-- secondTest -->
        <test-method signature="firstTest()[pri:0, instance:part1.FirstTest@55740540]" started-at="2024-12-12T15:00:17 IST" name="firstTest" finished-at="2024-12-12T15:00:17 IST" duration-ms="257" status="PASS">
          <reporter-output>
          </reporter-output>
        </test-method> <!-- firstTest -->
        <test-method is-config="true" signature="tearDown()[pri:0, instance:part1.FirstTest@55740540]" started-at="2024-12-12T15:00:23 IST" name="tearDown" finished-at="2024-12-12T15:00:23 IST" duration-ms="136" status="PASS">
          <reporter-output>
          </reporter-output>
        </test-method> <!-- tearDown -->
      </class> <!-- part1.FirstTest -->
    </test> <!-- DummyTest -->
  </suite> <!-- AllTestCases -->
</testng-results>
